<?xml version="1.0" encoding="UTF-8"?>
<!-- Generated by org.testng.reporters.JUnitReportReporter -->
<testsuite skipped="1" hostname="CIPL-LPT-1080" name="main.java.Test.CRMTestClass" tests="2" failures="0" timestamp="2021-12-06T17:12:27 IST" time="49.514" errors="0">
  <testcase name="CRMUpdatePassword" time="49.514" classname="main.java.Test.CRMTestClass"/>
  <system-out/>
  <testcase name="CRMLogin" classname="main.java.Test.CRMTestClass">
    <skipped/>
  </testcase> <!-- CRMLogin -->
  <system-out/>
</testsuite> <!-- main.java.Test.CRMTestClass -->
