<?xml version="1.0" encoding="UTF-8"?>
<!-- Generated by org.testng.reporters.JUnitReportReporter -->
<testsuite skipped="0" hostname="CIPL-LPT-1080" name="main.java.Test.RCAdminTestClass" tests="1" failures="0" timestamp="2021-12-02T15:31:15 IST" time="10.227" errors="0">
  <testcase name="RCAdmiLogin" time="10.227" classname="main.java.Test.RCAdminTestClass"/>
  <system-out/>
</testsuite> <!-- main.java.Test.RCAdminTestClass -->
