<?xml version="1.0" encoding="UTF-8"?>
<!-- Generated by org.testng.reporters.JUnitReportReporter -->
<testsuite skipped="0" hostname="CIPL-LPT-1080" name="main.java.Test.PortalTestClass" tests="1" failures="0" timestamp="2021-11-28T17:24:12 IST" time="7.579" errors="0">
  <testcase name="PortalLogin" time="7.579" classname="main.java.Test.PortalTestClass"/>
  <system-out/>
</testsuite> <!-- main.java.Test.PortalTestClass -->
