<?xml version="1.0" encoding="UTF-8"?>
<!-- Generated by org.testng.reporters.JUnitReportReporter -->
<testsuite skipped="1" hostname="CIPL-LPT-1080" name="main.java.Test.TestClass" tests="2" failures="0" timestamp="2021-11-28T13:17:21 IST" time="14.216" errors="0">
  <testcase name="RCAdmiLogin" time="14.216" classname="main.java.Test.TestClass"/>
  <system-out/>
  <testcase name="CRMLogin" classname="main.java.Test.TestClass">
    <skipped/>
  </testcase> <!-- CRMLogin -->
  <system-out/>
</testsuite> <!-- main.java.Test.TestClass -->
