<?xml version="1.0" encoding="UTF-8"?>
<!-- Generated by org.testng.reporters.JUnitReportReporter -->
<testsuite skipped="0" hostname="CIPL-LPT-1080" name="main.java.Test.CRMTestClass" tests="1" failures="0" timestamp="2021-12-03T12:58:59 IST" time="22.254" errors="0">
  <testcase name="CRMLogin" time="22.254" classname="main.java.Test.CRMTestClass"/>
  <system-out/>
</testsuite> <!-- main.java.Test.CRMTestClass -->
