<?xml version="1.0" encoding="UTF-8"?>
<!-- Generated by org.testng.reporters.JUnitReportReporter -->
<testsuite skipped="0" hostname="CIPL-LPT-1080" name="main.java.Test.CheckoutTestClass" tests="1" failures="0" timestamp="2021-12-03T16:52:01 IST" time="5.326" errors="0">
  <testcase name="Checkout" time="5.326" classname="main.java.Test.CheckoutTestClass"/>
  <system-out/>
</testsuite> <!-- main.java.Test.CheckoutTestClass -->
