<?xml version="1.0" encoding="UTF-8"?>
<!-- Generated by org.testng.reporters.JUnitReportReporter -->
<testsuite skipped="0" hostname="CIPL-LPT-1080" name="main.java.Test.PortalTestClass" tests="1" failures="0" timestamp="2021-12-03T16:33:25 IST" time="21.607" errors="0">
  <testcase name="PortalLogin" time="21.607" classname="main.java.Test.PortalTestClass"/>
  <system-out/>
</testsuite> <!-- main.java.Test.PortalTestClass -->
