<?xml version="1.0" encoding="UTF-8"?>
<!-- Generated by org.testng.reporters.JUnitReportReporter -->
<testsuite skipped="0" hostname="CIPL-LPT-1080" name="main.java.Test.RCAdminTestClass" tests="1" failures="0" timestamp="2021-12-03T16:46:01 IST" time="15.670" errors="0">
  <testcase name="RCAdmiLogin" time="15.670" classname="main.java.Test.RCAdminTestClass"/>
  <system-out/>
</testsuite> <!-- main.java.Test.RCAdminTestClass -->
