<?xml version="1.0" encoding="UTF-8"?>
<!-- Generated by org.testng.reporters.JUnitReportReporter -->
<testsuite skipped="2" hostname="CIPL-LPT-1080" name="main.java.Test.TestClass" tests="3" failures="0" timestamp="2021-11-28T16:32:44 IST" time="7.567" errors="0">
  <testcase name="PortalLogin" time="7.567" classname="main.java.Test.TestClass"/>
  <system-out/>
  <testcase name="RCAdmiLogin" classname="main.java.Test.TestClass">
    <skipped/>
  </testcase> <!-- RCAdmiLogin -->
  <system-out/>
  <testcase name="CRMLogin" classname="main.java.Test.TestClass">
    <skipped/>
  </testcase> <!-- CRMLogin -->
  <system-out/>
</testsuite> <!-- main.java.Test.TestClass -->
