<?xml version="1.0" encoding="UTF-8"?>
<!-- Generated by org.testng.reporters.JUnitReportReporter -->
<testsuite skipped="0" hostname="CIPL-LPT-1080" name="main.java.Test.V5CheckoutTestClass" tests="1" failures="0" timestamp="2021-12-05T20:35:04 IST" time="76.129" errors="0">
  <testcase name="Checkout" time="76.129" classname="main.java.Test.V5CheckoutTestClass"/>
  <system-out/>
</testsuite> <!-- main.java.Test.V5CheckoutTestClass -->
