<?xml version="1.0" encoding="UTF-8"?>
<!-- Generated by org.testng.reporters.JUnitReportReporter -->
<testsuite skipped="0" hostname="CIPL-LPT-1080" name="main.java.Test.CheckoutTestClass" tests="1" failures="0" timestamp="2021-12-03T15:49:11 IST" time="56.218" errors="0">
  <testcase name="Checkout" time="56.218" classname="main.java.Test.CheckoutTestClass"/>
  <system-out/>
</testsuite> <!-- main.java.Test.CheckoutTestClass -->
